Build output check failed:
    Regex: 'command[- ]line option .* is valid for .* but not for C'
    Output line: 'cc1: warning: command-line option ‘-Wnon-virtual-dtor’ is valid for C++/ObjC++ but not for C'
Compilation failed:
    source file: '/home/jangoo/Downloads/ANPRRRR/TFODCourse/opencv-4.7.0/build/CMakeFiles/CMakeTmp/src.c'
    check option: ' -fsigned-char -W -Wall -Wreturn-type  -Wnon-virtual-dtor'
===== BUILD LOG =====
Change Dir: /home/jangoo/Downloads/ANPRRRR/TFODCourse/opencv-4.7.0/build/CMakeFiles/CMakeTmp

Run Build Command(s):/home/jangoo/Downloads/ANPRRRR/TFODCourse/anprsys/lib/python3.10/site-packages/cmake/data/bin/cmake -E env VERBOSE=1 /usr/bin/gmake -f Makefile cmTC_a14ce/fast && /usr/bin/gmake  -f CMakeFiles/cmTC_a14ce.dir/build.make CMakeFiles/cmTC_a14ce.dir/build
gmake[1]: Entering directory '/home/jangoo/Downloads/ANPRRRR/TFODCourse/opencv-4.7.0/build/CMakeFiles/CMakeTmp'
Building C object CMakeFiles/cmTC_a14ce.dir/src.c.o
/usr/bin/cc   -O3 -DNDEBUG -fPIE    -fsigned-char -W -Wall -Wreturn-type  -Wnon-virtual-dtor -o CMakeFiles/cmTC_a14ce.dir/src.c.o -c /home/jangoo/Downloads/ANPRRRR/TFODCourse/opencv-4.7.0/build/CMakeFiles/CMakeTmp/src.c
cc1: warning: command-line option ‘-Wnon-virtual-dtor’ is valid for C++/ObjC++ but not for C
/home/jangoo/Downloads/ANPRRRR/TFODCourse/opencv-4.7.0/build/CMakeFiles/CMakeTmp/src.c:1: warning: ignoring ‘#pragma  ’ [-Wunknown-pragmas]
    1 | #pragma
      | 
Linking C executable cmTC_a14ce
/home/jangoo/Downloads/ANPRRRR/TFODCourse/anprsys/lib/python3.10/site-packages/cmake/data/bin/cmake -E cmake_link_script CMakeFiles/cmTC_a14ce.dir/link.txt --verbose=1
/usr/bin/cc -O3 -DNDEBUG CMakeFiles/cmTC_a14ce.dir/src.c.o -o cmTC_a14ce 
gmake[1]: Leaving directory '/home/jangoo/Downloads/ANPRRRR/TFODCourse/opencv-4.7.0/build/CMakeFiles/CMakeTmp'


===== END =====

Build output check failed:
    Regex: 'command[- ]line option .* is valid for .* but not for C\+\+'
    Output line: 'cc1plus: warning: command-line option ‘-Wmissing-prototypes’ is valid for C/ObjC but not for C++'
Compilation failed:
    source file: '/home/jangoo/Downloads/ANPRRRR/TFODCourse/opencv-4.7.0/build/CMakeFiles/CMakeTmp/src.cxx'
    check option: ' -fsigned-char -W -Wall -Wreturn-type -Wnon-virtual-dtor -Waddress -Wsequence-point -Wformat -Wformat-security -Wmissing-declarations  -Wmissing-prototypes'
===== BUILD LOG =====
Change Dir: /home/jangoo/Downloads/ANPRRRR/TFODCourse/opencv-4.7.0/build/CMakeFiles/CMakeTmp

Run Build Command(s):/home/jangoo/Downloads/ANPRRRR/TFODCourse/anprsys/lib/python3.10/site-packages/cmake/data/bin/cmake -E env VERBOSE=1 /usr/bin/gmake -f Makefile cmTC_f2035/fast && /usr/bin/gmake  -f CMakeFiles/cmTC_f2035.dir/build.make CMakeFiles/cmTC_f2035.dir/build
gmake[1]: Entering directory '/home/jangoo/Downloads/ANPRRRR/TFODCourse/opencv-4.7.0/build/CMakeFiles/CMakeTmp'
Building CXX object CMakeFiles/cmTC_f2035.dir/src.cxx.o
/usr/bin/c++   -O3 -DNDEBUG -std=c++11 -fPIE    -fsigned-char -W -Wall -Wreturn-type -Wnon-virtual-dtor -Waddress -Wsequence-point -Wformat -Wformat-security -Wmissing-declarations  -Wmissing-prototypes -o CMakeFiles/cmTC_f2035.dir/src.cxx.o -c /home/jangoo/Downloads/ANPRRRR/TFODCourse/opencv-4.7.0/build/CMakeFiles/CMakeTmp/src.cxx
cc1plus: warning: command-line option ‘-Wmissing-prototypes’ is valid for C/ObjC but not for C++
/home/jangoo/Downloads/ANPRRRR/TFODCourse/opencv-4.7.0/build/CMakeFiles/CMakeTmp/src.cxx:1: warning: ignoring ‘#pragma  ’ [-Wunknown-pragmas]
    1 | #pragma
      | 
Linking CXX executable cmTC_f2035
/home/jangoo/Downloads/ANPRRRR/TFODCourse/anprsys/lib/python3.10/site-packages/cmake/data/bin/cmake -E cmake_link_script CMakeFiles/cmTC_f2035.dir/link.txt --verbose=1
/usr/bin/c++ -O3 -DNDEBUG CMakeFiles/cmTC_f2035.dir/src.cxx.o -o cmTC_f2035 
gmake[1]: Leaving directory '/home/jangoo/Downloads/ANPRRRR/TFODCourse/opencv-4.7.0/build/CMakeFiles/CMakeTmp'


===== END =====

Build output check failed:
    Regex: 'command[- ]line option .* is valid for .* but not for C\+\+'
    Output line: 'cc1plus: warning: command-line option ‘-Wstrict-prototypes’ is valid for C/ObjC but not for C++'
Compilation failed:
    source file: '/home/jangoo/Downloads/ANPRRRR/TFODCourse/opencv-4.7.0/build/CMakeFiles/CMakeTmp/src.cxx'
    check option: ' -fsigned-char -W -Wall -Wreturn-type -Wnon-virtual-dtor -Waddress -Wsequence-point -Wformat -Wformat-security -Wmissing-declarations  -Wstrict-prototypes'
===== BUILD LOG =====
Change Dir: /home/jangoo/Downloads/ANPRRRR/TFODCourse/opencv-4.7.0/build/CMakeFiles/CMakeTmp

Run Build Command(s):/home/jangoo/Downloads/ANPRRRR/TFODCourse/anprsys/lib/python3.10/site-packages/cmake/data/bin/cmake -E env VERBOSE=1 /usr/bin/gmake -f Makefile cmTC_50876/fast && /usr/bin/gmake  -f CMakeFiles/cmTC_50876.dir/build.make CMakeFiles/cmTC_50876.dir/build
gmake[1]: Entering directory '/home/jangoo/Downloads/ANPRRRR/TFODCourse/opencv-4.7.0/build/CMakeFiles/CMakeTmp'
Building CXX object CMakeFiles/cmTC_50876.dir/src.cxx.o
/usr/bin/c++   -O3 -DNDEBUG -std=c++11 -fPIE    -fsigned-char -W -Wall -Wreturn-type -Wnon-virtual-dtor -Waddress -Wsequence-point -Wformat -Wformat-security -Wmissing-declarations  -Wstrict-prototypes -o CMakeFiles/cmTC_50876.dir/src.cxx.o -c /home/jangoo/Downloads/ANPRRRR/TFODCourse/opencv-4.7.0/build/CMakeFiles/CMakeTmp/src.cxx
cc1plus: warning: command-line option ‘-Wstrict-prototypes’ is valid for C/ObjC but not for C++
/home/jangoo/Downloads/ANPRRRR/TFODCourse/opencv-4.7.0/build/CMakeFiles/CMakeTmp/src.cxx:1: warning: ignoring ‘#pragma  ’ [-Wunknown-pragmas]
    1 | #pragma
      | 
Linking CXX executable cmTC_50876
/home/jangoo/Downloads/ANPRRRR/TFODCourse/anprsys/lib/python3.10/site-packages/cmake/data/bin/cmake -E cmake_link_script CMakeFiles/cmTC_50876.dir/link.txt --verbose=1
/usr/bin/c++ -O3 -DNDEBUG CMakeFiles/cmTC_50876.dir/src.cxx.o -o cmTC_50876 
gmake[1]: Leaving directory '/home/jangoo/Downloads/ANPRRRR/TFODCourse/opencv-4.7.0/build/CMakeFiles/CMakeTmp'


===== END =====

Build output check failed:
    Regex: 'command[- ]line option .* is valid for .* but not for C'
    Output line: 'cc1: warning: command-line option ‘-Wsign-promo’ is valid for C++/ObjC++ but not for C'
Compilation failed:
    source file: '/home/jangoo/Downloads/ANPRRRR/TFODCourse/opencv-4.7.0/build/CMakeFiles/CMakeTmp/src.c'
    check option: ' -fsigned-char -W -Wall -Wreturn-type -Waddress -Wsequence-point -Wformat -Wformat-security -Wmissing-declarations -Wmissing-prototypes -Wstrict-prototypes -Wundef -Winit-self -Wpointer-arith -Wshadow  -Wsign-promo'
===== BUILD LOG =====
Change Dir: /home/jangoo/Downloads/ANPRRRR/TFODCourse/opencv-4.7.0/build/CMakeFiles/CMakeTmp

Run Build Command(s):/home/jangoo/Downloads/ANPRRRR/TFODCourse/anprsys/lib/python3.10/site-packages/cmake/data/bin/cmake -E env VERBOSE=1 /usr/bin/gmake -f Makefile cmTC_731b8/fast && /usr/bin/gmake  -f CMakeFiles/cmTC_731b8.dir/build.make CMakeFiles/cmTC_731b8.dir/build
gmake[1]: Entering directory '/home/jangoo/Downloads/ANPRRRR/TFODCourse/opencv-4.7.0/build/CMakeFiles/CMakeTmp'
Building C object CMakeFiles/cmTC_731b8.dir/src.c.o
/usr/bin/cc   -O3 -DNDEBUG -fPIE    -fsigned-char -W -Wall -Wreturn-type -Waddress -Wsequence-point -Wformat -Wformat-security -Wmissing-declarations -Wmissing-prototypes -Wstrict-prototypes -Wundef -Winit-self -Wpointer-arith -Wshadow  -Wsign-promo -o CMakeFiles/cmTC_731b8.dir/src.c.o -c /home/jangoo/Downloads/ANPRRRR/TFODCourse/opencv-4.7.0/build/CMakeFiles/CMakeTmp/src.c
cc1: warning: command-line option ‘-Wsign-promo’ is valid for C++/ObjC++ but not for C
/home/jangoo/Downloads/ANPRRRR/TFODCourse/opencv-4.7.0/build/CMakeFiles/CMakeTmp/src.c:1: warning: ignoring ‘#pragma  ’ [-Wunknown-pragmas]
    1 | #pragma
      | 
Linking C executable cmTC_731b8
/home/jangoo/Downloads/ANPRRRR/TFODCourse/anprsys/lib/python3.10/site-packages/cmake/data/bin/cmake -E cmake_link_script CMakeFiles/cmTC_731b8.dir/link.txt --verbose=1
/usr/bin/cc -O3 -DNDEBUG CMakeFiles/cmTC_731b8.dir/src.c.o -o cmTC_731b8 
gmake[1]: Leaving directory '/home/jangoo/Downloads/ANPRRRR/TFODCourse/opencv-4.7.0/build/CMakeFiles/CMakeTmp'


===== END =====

Build output check failed:
    Regex: 'command[- ]line option .* is valid for .* but not for C'
    Output line: 'cc1: warning: command-line option ‘-Wsuggest-override’ is valid for C++/ObjC++ but not for C'
Compilation failed:
    source file: '/home/jangoo/Downloads/ANPRRRR/TFODCourse/opencv-4.7.0/build/CMakeFiles/CMakeTmp/src.c'
    check option: ' -fsigned-char -W -Wall -Wreturn-type -Waddress -Wsequence-point -Wformat -Wformat-security -Wmissing-declarations -Wmissing-prototypes -Wstrict-prototypes -Wundef -Winit-self -Wpointer-arith -Wshadow -Wuninitialized  -Wsuggest-override'
===== BUILD LOG =====
Change Dir: /home/jangoo/Downloads/ANPRRRR/TFODCourse/opencv-4.7.0/build/CMakeFiles/CMakeTmp

Run Build Command(s):/home/jangoo/Downloads/ANPRRRR/TFODCourse/anprsys/lib/python3.10/site-packages/cmake/data/bin/cmake -E env VERBOSE=1 /usr/bin/gmake -f Makefile cmTC_13f24/fast && /usr/bin/gmake  -f CMakeFiles/cmTC_13f24.dir/build.make CMakeFiles/cmTC_13f24.dir/build
gmake[1]: Entering directory '/home/jangoo/Downloads/ANPRRRR/TFODCourse/opencv-4.7.0/build/CMakeFiles/CMakeTmp'
Building C object CMakeFiles/cmTC_13f24.dir/src.c.o
/usr/bin/cc   -O3 -DNDEBUG -fPIE    -fsigned-char -W -Wall -Wreturn-type -Waddress -Wsequence-point -Wformat -Wformat-security -Wmissing-declarations -Wmissing-prototypes -Wstrict-prototypes -Wundef -Winit-self -Wpointer-arith -Wshadow -Wuninitialized  -Wsuggest-override -o CMakeFiles/cmTC_13f24.dir/src.c.o -c /home/jangoo/Downloads/ANPRRRR/TFODCourse/opencv-4.7.0/build/CMakeFiles/CMakeTmp/src.c
cc1: warning: command-line option ‘-Wsuggest-override’ is valid for C++/ObjC++ but not for C
/home/jangoo/Downloads/ANPRRRR/TFODCourse/opencv-4.7.0/build/CMakeFiles/CMakeTmp/src.c:1: warning: ignoring ‘#pragma  ’ [-Wunknown-pragmas]
    1 | #pragma
      | 
Linking C executable cmTC_13f24
/home/jangoo/Downloads/ANPRRRR/TFODCourse/anprsys/lib/python3.10/site-packages/cmake/data/bin/cmake -E cmake_link_script CMakeFiles/cmTC_13f24.dir/link.txt --verbose=1
/usr/bin/cc -O3 -DNDEBUG CMakeFiles/cmTC_13f24.dir/src.c.o -o cmTC_13f24 
gmake[1]: Leaving directory '/home/jangoo/Downloads/ANPRRRR/TFODCourse/opencv-4.7.0/build/CMakeFiles/CMakeTmp'


===== END =====

Build output check failed:
    Regex: 'command[- ]line option .* is valid for .* but not for C'
    Output line: 'cc1: warning: command-line option ‘-Wno-delete-non-virtual-dtor’ is valid for C++/ObjC++ but not for C'
Compilation failed:
    source file: '/home/jangoo/Downloads/ANPRRRR/TFODCourse/opencv-4.7.0/build/CMakeFiles/CMakeTmp/src.c'
    check option: ' -fsigned-char -W -Wall -Wreturn-type -Waddress -Wsequence-point -Wformat -Wformat-security -Wmissing-declarations -Wmissing-prototypes -Wstrict-prototypes -Wundef -Winit-self -Wpointer-arith -Wshadow -Wuninitialized  -Wno-delete-non-virtual-dtor'
===== BUILD LOG =====
Change Dir: /home/jangoo/Downloads/ANPRRRR/TFODCourse/opencv-4.7.0/build/CMakeFiles/CMakeTmp

Run Build Command(s):/home/jangoo/Downloads/ANPRRRR/TFODCourse/anprsys/lib/python3.10/site-packages/cmake/data/bin/cmake -E env VERBOSE=1 /usr/bin/gmake -f Makefile cmTC_adb49/fast && /usr/bin/gmake  -f CMakeFiles/cmTC_adb49.dir/build.make CMakeFiles/cmTC_adb49.dir/build
gmake[1]: Entering directory '/home/jangoo/Downloads/ANPRRRR/TFODCourse/opencv-4.7.0/build/CMakeFiles/CMakeTmp'
Building C object CMakeFiles/cmTC_adb49.dir/src.c.o
/usr/bin/cc   -O3 -DNDEBUG -fPIE    -fsigned-char -W -Wall -Wreturn-type -Waddress -Wsequence-point -Wformat -Wformat-security -Wmissing-declarations -Wmissing-prototypes -Wstrict-prototypes -Wundef -Winit-self -Wpointer-arith -Wshadow -Wuninitialized  -Wno-delete-non-virtual-dtor -o CMakeFiles/cmTC_adb49.dir/src.c.o -c /home/jangoo/Downloads/ANPRRRR/TFODCourse/opencv-4.7.0/build/CMakeFiles/CMakeTmp/src.c
cc1: warning: command-line option ‘-Wno-delete-non-virtual-dtor’ is valid for C++/ObjC++ but not for C
/home/jangoo/Downloads/ANPRRRR/TFODCourse/opencv-4.7.0/build/CMakeFiles/CMakeTmp/src.c:1: warning: ignoring ‘#pragma  ’ [-Wunknown-pragmas]
    1 | #pragma
      | 
Linking C executable cmTC_adb49
/home/jangoo/Downloads/ANPRRRR/TFODCourse/anprsys/lib/python3.10/site-packages/cmake/data/bin/cmake -E cmake_link_script CMakeFiles/cmTC_adb49.dir/link.txt --verbose=1
/usr/bin/cc -O3 -DNDEBUG CMakeFiles/cmTC_adb49.dir/src.c.o -o cmTC_adb49 
gmake[1]: Leaving directory '/home/jangoo/Downloads/ANPRRRR/TFODCourse/opencv-4.7.0/build/CMakeFiles/CMakeTmp'


===== END =====

Build output check failed:
    Regex: 'unrecognized .*option'
    Output line: 'cc1plus: note: unrecognized command-line option ‘-Wno-unnamed-type-template-args’ may have been intended to silence earlier diagnostics'
Compilation failed:
    source file: '/home/jangoo/Downloads/ANPRRRR/TFODCourse/opencv-4.7.0/build/CMakeFiles/CMakeTmp/src.cxx'
    check option: ' -fsigned-char -W -Wall -Wreturn-type -Wnon-virtual-dtor -Waddress -Wsequence-point -Wformat -Wformat-security -Wmissing-declarations -Wundef -Winit-self -Wpointer-arith -Wshadow -Wsign-promo -Wuninitialized -Wsuggest-override -Wno-delete-non-virtual-dtor  -Wno-unnamed-type-template-args'
===== BUILD LOG =====
Change Dir: /home/jangoo/Downloads/ANPRRRR/TFODCourse/opencv-4.7.0/build/CMakeFiles/CMakeTmp

Run Build Command(s):/home/jangoo/Downloads/ANPRRRR/TFODCourse/anprsys/lib/python3.10/site-packages/cmake/data/bin/cmake -E env VERBOSE=1 /usr/bin/gmake -f Makefile cmTC_d10c8/fast && /usr/bin/gmake  -f CMakeFiles/cmTC_d10c8.dir/build.make CMakeFiles/cmTC_d10c8.dir/build
gmake[1]: Entering directory '/home/jangoo/Downloads/ANPRRRR/TFODCourse/opencv-4.7.0/build/CMakeFiles/CMakeTmp'
Building CXX object CMakeFiles/cmTC_d10c8.dir/src.cxx.o
/usr/bin/c++   -O3 -DNDEBUG -std=c++11 -fPIE    -fsigned-char -W -Wall -Wreturn-type -Wnon-virtual-dtor -Waddress -Wsequence-point -Wformat -Wformat-security -Wmissing-declarations -Wundef -Winit-self -Wpointer-arith -Wshadow -Wsign-promo -Wuninitialized -Wsuggest-override -Wno-delete-non-virtual-dtor  -Wno-unnamed-type-template-args -o CMakeFiles/cmTC_d10c8.dir/src.cxx.o -c /home/jangoo/Downloads/ANPRRRR/TFODCourse/opencv-4.7.0/build/CMakeFiles/CMakeTmp/src.cxx
/home/jangoo/Downloads/ANPRRRR/TFODCourse/opencv-4.7.0/build/CMakeFiles/CMakeTmp/src.cxx:1: warning: ignoring ‘#pragma  ’ [-Wunknown-pragmas]
    1 | #pragma
      | 
cc1plus: note: unrecognized command-line option ‘-Wno-unnamed-type-template-args’ may have been intended to silence earlier diagnostics
Linking CXX executable cmTC_d10c8
/home/jangoo/Downloads/ANPRRRR/TFODCourse/anprsys/lib/python3.10/site-packages/cmake/data/bin/cmake -E cmake_link_script CMakeFiles/cmTC_d10c8.dir/link.txt --verbose=1
/usr/bin/c++ -O3 -DNDEBUG CMakeFiles/cmTC_d10c8.dir/src.cxx.o -o cmTC_d10c8 
gmake[1]: Leaving directory '/home/jangoo/Downloads/ANPRRRR/TFODCourse/opencv-4.7.0/build/CMakeFiles/CMakeTmp'


===== END =====

Build output check failed:
    Regex: 'unrecognized .*option'
    Output line: 'cc1: note: unrecognized command-line option ‘-Wno-unnamed-type-template-args’ may have been intended to silence earlier diagnostics'
Compilation failed:
    source file: '/home/jangoo/Downloads/ANPRRRR/TFODCourse/opencv-4.7.0/build/CMakeFiles/CMakeTmp/src.c'
    check option: ' -fsigned-char -W -Wall -Wreturn-type -Waddress -Wsequence-point -Wformat -Wformat-security -Wmissing-declarations -Wmissing-prototypes -Wstrict-prototypes -Wundef -Winit-self -Wpointer-arith -Wshadow -Wuninitialized  -Wno-unnamed-type-template-args'
===== BUILD LOG =====
Change Dir: /home/jangoo/Downloads/ANPRRRR/TFODCourse/opencv-4.7.0/build/CMakeFiles/CMakeTmp

Run Build Command(s):/home/jangoo/Downloads/ANPRRRR/TFODCourse/anprsys/lib/python3.10/site-packages/cmake/data/bin/cmake -E env VERBOSE=1 /usr/bin/gmake -f Makefile cmTC_0d73f/fast && /usr/bin/gmake  -f CMakeFiles/cmTC_0d73f.dir/build.make CMakeFiles/cmTC_0d73f.dir/build
gmake[1]: Entering directory '/home/jangoo/Downloads/ANPRRRR/TFODCourse/opencv-4.7.0/build/CMakeFiles/CMakeTmp'
Building C object CMakeFiles/cmTC_0d73f.dir/src.c.o
/usr/bin/cc   -O3 -DNDEBUG -fPIE    -fsigned-char -W -Wall -Wreturn-type -Waddress -Wsequence-point -Wformat -Wformat-security -Wmissing-declarations -Wmissing-prototypes -Wstrict-prototypes -Wundef -Winit-self -Wpointer-arith -Wshadow -Wuninitialized  -Wno-unnamed-type-template-args -o CMakeFiles/cmTC_0d73f.dir/src.c.o -c /home/jangoo/Downloads/ANPRRRR/TFODCourse/opencv-4.7.0/build/CMakeFiles/CMakeTmp/src.c
/home/jangoo/Downloads/ANPRRRR/TFODCourse/opencv-4.7.0/build/CMakeFiles/CMakeTmp/src.c:1: warning: ignoring ‘#pragma  ’ [-Wunknown-pragmas]
    1 | #pragma
      | 
cc1: note: unrecognized command-line option ‘-Wno-unnamed-type-template-args’ may have been intended to silence earlier diagnostics
Linking C executable cmTC_0d73f
/home/jangoo/Downloads/ANPRRRR/TFODCourse/anprsys/lib/python3.10/site-packages/cmake/data/bin/cmake -E cmake_link_script CMakeFiles/cmTC_0d73f.dir/link.txt --verbose=1
/usr/bin/cc -O3 -DNDEBUG CMakeFiles/cmTC_0d73f.dir/src.c.o -o cmTC_0d73f 
gmake[1]: Leaving directory '/home/jangoo/Downloads/ANPRRRR/TFODCourse/opencv-4.7.0/build/CMakeFiles/CMakeTmp'


===== END =====

Build output check failed:
    Regex: 'command[- ]line option .* is valid for .* but not for C'
    Output line: 'cc1: warning: command-line option ‘-fvisibility-inlines-hidden’ is valid for C++/ObjC++ but not for C'
Compilation failed:
    source file: '/home/jangoo/Downloads/ANPRRRR/TFODCourse/opencv-4.7.0/build/CMakeFiles/CMakeTmp/src.c'
    check option: ' -fsigned-char -W -Wall -Wreturn-type -Waddress -Wsequence-point -Wformat -Wformat-security -Wmissing-declarations -Wmissing-prototypes -Wstrict-prototypes -Wundef -Winit-self -Wpointer-arith -Wshadow -Wuninitialized -Wno-comment -Wimplicit-fallthrough=3 -Wno-strict-overflow -fdiagnostics-show-option -Wno-long-long -pthread -fomit-frame-pointer -ffunction-sections -fdata-sections  -msse -msse2 -msse3 -fvisibility=hidden  -fvisibility-inlines-hidden'
===== BUILD LOG =====
Change Dir: /home/jangoo/Downloads/ANPRRRR/TFODCourse/opencv-4.7.0/build/CMakeFiles/CMakeTmp

Run Build Command(s):/home/jangoo/Downloads/ANPRRRR/TFODCourse/anprsys/lib/python3.10/site-packages/cmake/data/bin/cmake -E env VERBOSE=1 /usr/bin/gmake -f Makefile cmTC_cc7c8/fast && /usr/bin/gmake  -f CMakeFiles/cmTC_cc7c8.dir/build.make CMakeFiles/cmTC_cc7c8.dir/build
gmake[1]: Entering directory '/home/jangoo/Downloads/ANPRRRR/TFODCourse/opencv-4.7.0/build/CMakeFiles/CMakeTmp'
Building C object CMakeFiles/cmTC_cc7c8.dir/src.c.o
/usr/bin/cc   -O3 -DNDEBUG -fPIE    -fsigned-char -W -Wall -Wreturn-type -Waddress -Wsequence-point -Wformat -Wformat-security -Wmissing-declarations -Wmissing-prototypes -Wstrict-prototypes -Wundef -Winit-self -Wpointer-arith -Wshadow -Wuninitialized -Wno-comment -Wimplicit-fallthrough=3 -Wno-strict-overflow -fdiagnostics-show-option -Wno-long-long -pthread -fomit-frame-pointer -ffunction-sections -fdata-sections  -msse -msse2 -msse3 -fvisibility=hidden  -fvisibility-inlines-hidden -o CMakeFiles/cmTC_cc7c8.dir/src.c.o -c /home/jangoo/Downloads/ANPRRRR/TFODCourse/opencv-4.7.0/build/CMakeFiles/CMakeTmp/src.c
cc1: warning: command-line option ‘-fvisibility-inlines-hidden’ is valid for C++/ObjC++ but not for C
/home/jangoo/Downloads/ANPRRRR/TFODCourse/opencv-4.7.0/build/CMakeFiles/CMakeTmp/src.c:1: warning: ignoring ‘#pragma  ’ [-Wunknown-pragmas]
    1 | #pragma
      | 
Linking C executable cmTC_cc7c8
/home/jangoo/Downloads/ANPRRRR/TFODCourse/anprsys/lib/python3.10/site-packages/cmake/data/bin/cmake -E cmake_link_script CMakeFiles/cmTC_cc7c8.dir/link.txt --verbose=1
/usr/bin/cc -O3 -DNDEBUG CMakeFiles/cmTC_cc7c8.dir/src.c.o -o cmTC_cc7c8 
gmake[1]: Leaving directory '/home/jangoo/Downloads/ANPRRRR/TFODCourse/opencv-4.7.0/build/CMakeFiles/CMakeTmp'


===== END =====

Build output check failed:
    Regex: 'unrecognized .*option'
    Output line: 'cc1: note: unrecognized command-line option ‘-Wno-implicit-const-int-float-conversion’ may have been intended to silence earlier diagnostics'
Compilation failed:
    source file: '/home/jangoo/Downloads/ANPRRRR/TFODCourse/opencv-4.7.0/build/CMakeFiles/CMakeTmp/src.c'
    check option: ' -Wno-implicit-const-int-float-conversion'
===== BUILD LOG =====
Change Dir: /home/jangoo/Downloads/ANPRRRR/TFODCourse/opencv-4.7.0/build/CMakeFiles/CMakeTmp

Run Build Command(s):/home/jangoo/Downloads/ANPRRRR/TFODCourse/anprsys/lib/python3.10/site-packages/cmake/data/bin/cmake -E env VERBOSE=1 /usr/bin/gmake -f Makefile cmTC_9f827/fast && /usr/bin/gmake  -f CMakeFiles/cmTC_9f827.dir/build.make CMakeFiles/cmTC_9f827.dir/build
gmake[1]: Entering directory '/home/jangoo/Downloads/ANPRRRR/TFODCourse/opencv-4.7.0/build/CMakeFiles/CMakeTmp'
Building C object CMakeFiles/cmTC_9f827.dir/src.c.o
/usr/bin/cc   -fsigned-char -W -Wall -Wreturn-type -Waddress -Wsequence-point -Wformat -Wformat-security -Wmissing-declarations -Wmissing-prototypes -Wstrict-prototypes -Wundef -Winit-self -Wpointer-arith -Wshadow -Wuninitialized -Wno-comment -Wimplicit-fallthrough=3 -Wno-strict-overflow -fdiagnostics-show-option -Wno-long-long -pthread -fomit-frame-pointer -ffunction-sections -fdata-sections  -msse -msse2 -msse3 -fvisibility=hidden  -O3 -DNDEBUG  -DNDEBUG -fPIE    -Wno-implicit-const-int-float-conversion -o CMakeFiles/cmTC_9f827.dir/src.c.o -c /home/jangoo/Downloads/ANPRRRR/TFODCourse/opencv-4.7.0/build/CMakeFiles/CMakeTmp/src.c
/home/jangoo/Downloads/ANPRRRR/TFODCourse/opencv-4.7.0/build/CMakeFiles/CMakeTmp/src.c:1: warning: ignoring ‘#pragma  ’ [-Wunknown-pragmas]
    1 | #pragma
      | 
cc1: note: unrecognized command-line option ‘-Wno-implicit-const-int-float-conversion’ may have been intended to silence earlier diagnostics
Linking C executable cmTC_9f827
/home/jangoo/Downloads/ANPRRRR/TFODCourse/anprsys/lib/python3.10/site-packages/cmake/data/bin/cmake -E cmake_link_script CMakeFiles/cmTC_9f827.dir/link.txt --verbose=1
/usr/bin/cc    -fsigned-char -W -Wall -Wreturn-type -Waddress -Wsequence-point -Wformat -Wformat-security -Wmissing-declarations -Wmissing-prototypes -Wstrict-prototypes -Wundef -Winit-self -Wpointer-arith -Wshadow -Wuninitialized -Wno-comment -Wimplicit-fallthrough=3 -Wno-strict-overflow -fdiagnostics-show-option -Wno-long-long -pthread -fomit-frame-pointer -ffunction-sections -fdata-sections  -msse -msse2 -msse3 -fvisibility=hidden  -O3 -DNDEBUG  -DNDEBUG   -Wl,--gc-sections -Wl,--as-needed -Wl,--no-undefined  CMakeFiles/cmTC_9f827.dir/src.c.o -o cmTC_9f827 
gmake[1]: Leaving directory '/home/jangoo/Downloads/ANPRRRR/TFODCourse/opencv-4.7.0/build/CMakeFiles/CMakeTmp'


===== END =====

Build output check failed:
    Regex: 'unrecognized .*option'
    Output line: 'cc1plus: note: unrecognized command-line option ‘-Wno-inconsistent-missing-override’ may have been intended to silence earlier diagnostics'
Compilation failed:
    source file: '/home/jangoo/Downloads/ANPRRRR/TFODCourse/opencv-4.7.0/build/CMakeFiles/CMakeTmp/src.cxx'
    check option: ' -Wno-inconsistent-missing-override'
===== BUILD LOG =====
Change Dir: /home/jangoo/Downloads/ANPRRRR/TFODCourse/opencv-4.7.0/build/CMakeFiles/CMakeTmp

Run Build Command(s):/home/jangoo/Downloads/ANPRRRR/TFODCourse/anprsys/lib/python3.10/site-packages/cmake/data/bin/cmake -E env VERBOSE=1 /usr/bin/gmake -f Makefile cmTC_aa69f/fast && /usr/bin/gmake  -f CMakeFiles/cmTC_aa69f.dir/build.make CMakeFiles/cmTC_aa69f.dir/build
gmake[1]: Entering directory '/home/jangoo/Downloads/ANPRRRR/TFODCourse/opencv-4.7.0/build/CMakeFiles/CMakeTmp'
Building CXX object CMakeFiles/cmTC_aa69f.dir/src.cxx.o
/usr/bin/c++   -fsigned-char -W -Wall -Wreturn-type -Wnon-virtual-dtor -Waddress -Wsequence-point -Wformat -Wformat-security -Winit-self -Wpointer-arith -Wsign-promo -Wno-delete-non-virtual-dtor -Wno-comment -Wimplicit-fallthrough=3 -Wno-strict-overflow -fdiagnostics-show-option -Wno-long-long -pthread -fomit-frame-pointer -ffunction-sections -fdata-sections  -msse -msse2 -msse3 -fvisibility=hidden -fvisibility-inlines-hidden -Wno-shadow -Wno-unused -Wno-sign-compare -Wno-undef -Wno-missing-declarations -Wno-uninitialized -Wno-switch -Wno-parentheses -Wno-array-bounds -Wno-extra -Wno-deprecated-declarations -Wno-misleading-indentation -Wno-deprecated -Wno-suggest-override  -O3 -DNDEBUG  -DNDEBUG -std=c++11 -fPIE    -Wno-inconsistent-missing-override -o CMakeFiles/cmTC_aa69f.dir/src.cxx.o -c /home/jangoo/Downloads/ANPRRRR/TFODCourse/opencv-4.7.0/build/CMakeFiles/CMakeTmp/src.cxx
/home/jangoo/Downloads/ANPRRRR/TFODCourse/opencv-4.7.0/build/CMakeFiles/CMakeTmp/src.cxx:1: warning: ignoring ‘#pragma  ’ [-Wunknown-pragmas]
    1 | #pragma
      | 
cc1plus: note: unrecognized command-line option ‘-Wno-inconsistent-missing-override’ may have been intended to silence earlier diagnostics
Linking CXX executable cmTC_aa69f
/home/jangoo/Downloads/ANPRRRR/TFODCourse/anprsys/lib/python3.10/site-packages/cmake/data/bin/cmake -E cmake_link_script CMakeFiles/cmTC_aa69f.dir/link.txt --verbose=1
/usr/bin/c++    -fsigned-char -W -Wall -Wreturn-type -Wnon-virtual-dtor -Waddress -Wsequence-point -Wformat -Wformat-security -Winit-self -Wpointer-arith -Wsign-promo -Wno-delete-non-virtual-dtor -Wno-comment -Wimplicit-fallthrough=3 -Wno-strict-overflow -fdiagnostics-show-option -Wno-long-long -pthread -fomit-frame-pointer -ffunction-sections -fdata-sections  -msse -msse2 -msse3 -fvisibility=hidden -fvisibility-inlines-hidden -Wno-shadow -Wno-unused -Wno-sign-compare -Wno-undef -Wno-missing-declarations -Wno-uninitialized -Wno-switch -Wno-parentheses -Wno-array-bounds -Wno-extra -Wno-deprecated-declarations -Wno-misleading-indentation -Wno-deprecated -Wno-suggest-override  -O3 -DNDEBUG  -DNDEBUG   -Wl,--gc-sections -Wl,--as-needed -Wl,--no-undefined  CMakeFiles/cmTC_aa69f.dir/src.cxx.o -o cmTC_aa69f 
gmake[1]: Leaving directory '/home/jangoo/Downloads/ANPRRRR/TFODCourse/opencv-4.7.0/build/CMakeFiles/CMakeTmp'


===== END =====

Build output check failed:
    Regex: 'command[- ]line option .* is valid for .* but not for C\+\+'
    Output line: 'cc1plus: warning: command-line option ‘-Wno-missing-prototypes’ is valid for C/ObjC but not for C++'
Compilation failed:
    source file: '/home/jangoo/Downloads/ANPRRRR/TFODCourse/opencv-4.7.0/build/CMakeFiles/CMakeTmp/src.cxx'
    check option: ' -Wno-missing-prototypes'
===== BUILD LOG =====
Change Dir: /home/jangoo/Downloads/ANPRRRR/TFODCourse/opencv-4.7.0/build/CMakeFiles/CMakeTmp

Run Build Command(s):/home/jangoo/Downloads/ANPRRRR/TFODCourse/anprsys/lib/python3.10/site-packages/cmake/data/bin/cmake -E env VERBOSE=1 /usr/bin/gmake -f Makefile cmTC_48ae8/fast && /usr/bin/gmake  -f CMakeFiles/cmTC_48ae8.dir/build.make CMakeFiles/cmTC_48ae8.dir/build
gmake[1]: Entering directory '/home/jangoo/Downloads/ANPRRRR/TFODCourse/opencv-4.7.0/build/CMakeFiles/CMakeTmp'
Building CXX object CMakeFiles/cmTC_48ae8.dir/src.cxx.o
/usr/bin/c++   -fsigned-char -W -Wall -Wreturn-type -Wnon-virtual-dtor -Waddress -Wsequence-point -Wformat -Wformat-security -Winit-self -Wpointer-arith -Wsign-promo -Wno-delete-non-virtual-dtor -Wno-comment -Wno-strict-overflow -fdiagnostics-show-option -Wno-long-long -pthread -fomit-frame-pointer -ffunction-sections -fdata-sections  -msse -msse2 -msse3 -fvisibility=hidden -fvisibility-inlines-hidden -Wno-shadow -Wno-unused -Wno-sign-compare -Wno-undef -Wno-missing-declarations -Wno-uninitialized -Wno-switch -Wno-parentheses -Wno-array-bounds -Wno-extra -Wno-deprecated-declarations -Wno-misleading-indentation -Wno-deprecated -Wno-suggest-override -Wno-implicit-fallthrough -Wno-tautological-compare  -O3 -DNDEBUG  -DNDEBUG -std=c++11 -fPIE    -Wno-missing-prototypes -o CMakeFiles/cmTC_48ae8.dir/src.cxx.o -c /home/jangoo/Downloads/ANPRRRR/TFODCourse/opencv-4.7.0/build/CMakeFiles/CMakeTmp/src.cxx
cc1plus: warning: command-line option ‘-Wno-missing-prototypes’ is valid for C/ObjC but not for C++
/home/jangoo/Downloads/ANPRRRR/TFODCourse/opencv-4.7.0/build/CMakeFiles/CMakeTmp/src.cxx:1: warning: ignoring ‘#pragma  ’ [-Wunknown-pragmas]
    1 | #pragma
      | 
Linking CXX executable cmTC_48ae8
/home/jangoo/Downloads/ANPRRRR/TFODCourse/anprsys/lib/python3.10/site-packages/cmake/data/bin/cmake -E cmake_link_script CMakeFiles/cmTC_48ae8.dir/link.txt --verbose=1
/usr/bin/c++    -fsigned-char -W -Wall -Wreturn-type -Wnon-virtual-dtor -Waddress -Wsequence-point -Wformat -Wformat-security -Winit-self -Wpointer-arith -Wsign-promo -Wno-delete-non-virtual-dtor -Wno-comment -Wno-strict-overflow -fdiagnostics-show-option -Wno-long-long -pthread -fomit-frame-pointer -ffunction-sections -fdata-sections  -msse -msse2 -msse3 -fvisibility=hidden -fvisibility-inlines-hidden -Wno-shadow -Wno-unused -Wno-sign-compare -Wno-undef -Wno-missing-declarations -Wno-uninitialized -Wno-switch -Wno-parentheses -Wno-array-bounds -Wno-extra -Wno-deprecated-declarations -Wno-misleading-indentation -Wno-deprecated -Wno-suggest-override -Wno-implicit-fallthrough -Wno-tautological-compare  -O3 -DNDEBUG  -DNDEBUG   -Wl,--gc-sections -Wl,--as-needed -Wl,--no-undefined  CMakeFiles/cmTC_48ae8.dir/src.cxx.o -o cmTC_48ae8 
gmake[1]: Leaving directory '/home/jangoo/Downloads/ANPRRRR/TFODCourse/opencv-4.7.0/build/CMakeFiles/CMakeTmp'


===== END =====

Build output check failed:
    Regex: 'unrecognized .*option'
    Output line: 'cc1plus: note: unrecognized command-line option ‘-Wno-implicit-const-int-float-conversion’ may have been intended to silence earlier diagnostics'
Compilation failed:
    source file: '/home/jangoo/Downloads/ANPRRRR/TFODCourse/opencv-4.7.0/build/CMakeFiles/CMakeTmp/src.cxx'
    check option: ' -Wno-implicit-const-int-float-conversion'
===== BUILD LOG =====
Change Dir: /home/jangoo/Downloads/ANPRRRR/TFODCourse/opencv-4.7.0/build/CMakeFiles/CMakeTmp

Run Build Command(s):/home/jangoo/Downloads/ANPRRRR/TFODCourse/anprsys/lib/python3.10/site-packages/cmake/data/bin/cmake -E env VERBOSE=1 /usr/bin/gmake -f Makefile cmTC_4cb09/fast && /usr/bin/gmake  -f CMakeFiles/cmTC_4cb09.dir/build.make CMakeFiles/cmTC_4cb09.dir/build
gmake[1]: Entering directory '/home/jangoo/Downloads/ANPRRRR/TFODCourse/opencv-4.7.0/build/CMakeFiles/CMakeTmp'
Building CXX object CMakeFiles/cmTC_4cb09.dir/src.cxx.o
/usr/bin/c++   -fsigned-char -W -Wall -Wreturn-type -Wnon-virtual-dtor -Waddress -Wsequence-point -Wformat -Wformat-security -Winit-self -Wpointer-arith -Wsign-promo -Wno-delete-non-virtual-dtor -Wno-comment -Wno-strict-overflow -fdiagnostics-show-option -Wno-long-long -pthread -fomit-frame-pointer -ffunction-sections -fdata-sections  -msse -msse2 -msse3 -fvisibility=hidden -fvisibility-inlines-hidden -Wno-shadow -Wno-unused -Wno-sign-compare -Wno-undef -Wno-missing-declarations -Wno-uninitialized -Wno-switch -Wno-parentheses -Wno-array-bounds -Wno-extra -Wno-deprecated-declarations -Wno-misleading-indentation -Wno-deprecated -Wno-suggest-override -Wno-implicit-fallthrough -Wno-tautological-compare -Wno-reorder -Wno-unused-result  -O3 -DNDEBUG  -DNDEBUG -std=c++11 -fPIE    -Wno-implicit-const-int-float-conversion -o CMakeFiles/cmTC_4cb09.dir/src.cxx.o -c /home/jangoo/Downloads/ANPRRRR/TFODCourse/opencv-4.7.0/build/CMakeFiles/CMakeTmp/src.cxx
/home/jangoo/Downloads/ANPRRRR/TFODCourse/opencv-4.7.0/build/CMakeFiles/CMakeTmp/src.cxx:1: warning: ignoring ‘#pragma  ’ [-Wunknown-pragmas]
    1 | #pragma
      | 
cc1plus: note: unrecognized command-line option ‘-Wno-implicit-const-int-float-conversion’ may have been intended to silence earlier diagnostics
Linking CXX executable cmTC_4cb09
/home/jangoo/Downloads/ANPRRRR/TFODCourse/anprsys/lib/python3.10/site-packages/cmake/data/bin/cmake -E cmake_link_script CMakeFiles/cmTC_4cb09.dir/link.txt --verbose=1
/usr/bin/c++    -fsigned-char -W -Wall -Wreturn-type -Wnon-virtual-dtor -Waddress -Wsequence-point -Wformat -Wformat-security -Winit-self -Wpointer-arith -Wsign-promo -Wno-delete-non-virtual-dtor -Wno-comment -Wno-strict-overflow -fdiagnostics-show-option -Wno-long-long -pthread -fomit-frame-pointer -ffunction-sections -fdata-sections  -msse -msse2 -msse3 -fvisibility=hidden -fvisibility-inlines-hidden -Wno-shadow -Wno-unused -Wno-sign-compare -Wno-undef -Wno-missing-declarations -Wno-uninitialized -Wno-switch -Wno-parentheses -Wno-array-bounds -Wno-extra -Wno-deprecated-declarations -Wno-misleading-indentation -Wno-deprecated -Wno-suggest-override -Wno-implicit-fallthrough -Wno-tautological-compare -Wno-reorder -Wno-unused-result  -O3 -DNDEBUG  -DNDEBUG   -Wl,--gc-sections -Wl,--as-needed -Wl,--no-undefined  CMakeFiles/cmTC_4cb09.dir/src.cxx.o -o cmTC_4cb09 
gmake[1]: Leaving directory '/home/jangoo/Downloads/ANPRRRR/TFODCourse/opencv-4.7.0/build/CMakeFiles/CMakeTmp'


===== END =====

Build output check failed:
    Regex: 'unrecognized .*option'
    Output line: 'cc1plus: note: unrecognized command-line option ‘-Wno-tautological-undefined-compare’ may have been intended to silence earlier diagnostics'
Compilation failed:
    source file: '/home/jangoo/Downloads/ANPRRRR/TFODCourse/opencv-4.7.0/build/CMakeFiles/CMakeTmp/src.cxx'
    check option: ' -Wno-tautological-undefined-compare'
===== BUILD LOG =====
Change Dir: /home/jangoo/Downloads/ANPRRRR/TFODCourse/opencv-4.7.0/build/CMakeFiles/CMakeTmp

Run Build Command(s):/home/jangoo/Downloads/ANPRRRR/TFODCourse/anprsys/lib/python3.10/site-packages/cmake/data/bin/cmake -E env VERBOSE=1 /usr/bin/gmake -f Makefile cmTC_e38fc/fast && /usr/bin/gmake  -f CMakeFiles/cmTC_e38fc.dir/build.make CMakeFiles/cmTC_e38fc.dir/build
gmake[1]: Entering directory '/home/jangoo/Downloads/ANPRRRR/TFODCourse/opencv-4.7.0/build/CMakeFiles/CMakeTmp'
Building CXX object CMakeFiles/cmTC_e38fc.dir/src.cxx.o
/usr/bin/c++   -fsigned-char -W -Wall -Wreturn-type -Wnon-virtual-dtor -Waddress -Wsequence-point -Wformat -Wformat-security -Winit-self -Wpointer-arith -Wuninitialized -Wsuggest-override -Wno-delete-non-virtual-dtor -Wno-comment -Wimplicit-fallthrough=3 -Wno-strict-overflow -fdiagnostics-show-option -Wno-long-long -pthread -fomit-frame-pointer -ffunction-sections -fdata-sections  -msse -msse2 -msse3 -fvisibility=hidden -fvisibility-inlines-hidden -Wno-deprecated -Wno-missing-declarations -Wno-shadow -Wno-unused-parameter -Wno-unused-local-typedefs -Wno-sign-compare -Wno-sign-promo -Wno-undef  -O3 -DNDEBUG  -DNDEBUG -std=c++11 -fPIE    -Wno-tautological-undefined-compare -o CMakeFiles/cmTC_e38fc.dir/src.cxx.o -c /home/jangoo/Downloads/ANPRRRR/TFODCourse/opencv-4.7.0/build/CMakeFiles/CMakeTmp/src.cxx
/home/jangoo/Downloads/ANPRRRR/TFODCourse/opencv-4.7.0/build/CMakeFiles/CMakeTmp/src.cxx:1: warning: ignoring ‘#pragma  ’ [-Wunknown-pragmas]
    1 | #pragma
      | 
cc1plus: note: unrecognized command-line option ‘-Wno-tautological-undefined-compare’ may have been intended to silence earlier diagnostics
Linking CXX executable cmTC_e38fc
/home/jangoo/Downloads/ANPRRRR/TFODCourse/anprsys/lib/python3.10/site-packages/cmake/data/bin/cmake -E cmake_link_script CMakeFiles/cmTC_e38fc.dir/link.txt --verbose=1
/usr/bin/c++    -fsigned-char -W -Wall -Wreturn-type -Wnon-virtual-dtor -Waddress -Wsequence-point -Wformat -Wformat-security -Winit-self -Wpointer-arith -Wuninitialized -Wsuggest-override -Wno-delete-non-virtual-dtor -Wno-comment -Wimplicit-fallthrough=3 -Wno-strict-overflow -fdiagnostics-show-option -Wno-long-long -pthread -fomit-frame-pointer -ffunction-sections -fdata-sections  -msse -msse2 -msse3 -fvisibility=hidden -fvisibility-inlines-hidden -Wno-deprecated -Wno-missing-declarations -Wno-shadow -Wno-unused-parameter -Wno-unused-local-typedefs -Wno-sign-compare -Wno-sign-promo -Wno-undef  -O3 -DNDEBUG  -DNDEBUG   -Wl,--gc-sections -Wl,--as-needed -Wl,--no-undefined  CMakeFiles/cmTC_e38fc.dir/src.cxx.o -o cmTC_e38fc 
gmake[1]: Leaving directory '/home/jangoo/Downloads/ANPRRRR/TFODCourse/opencv-4.7.0/build/CMakeFiles/CMakeTmp'


===== END =====

Build output check failed:
    Regex: 'unrecognized .*option'
    Output line: 'cc1plus: note: unrecognized command-line option ‘-Wno-shorten-64-to-32’ may have been intended to silence earlier diagnostics'
Compilation failed:
    source file: '/home/jangoo/Downloads/ANPRRRR/TFODCourse/opencv-4.7.0/build/CMakeFiles/CMakeTmp/src.cxx'
    check option: ' -Wno-shorten-64-to-32'
===== BUILD LOG =====
Change Dir: /home/jangoo/Downloads/ANPRRRR/TFODCourse/opencv-4.7.0/build/CMakeFiles/CMakeTmp

Run Build Command(s):/home/jangoo/Downloads/ANPRRRR/TFODCourse/anprsys/lib/python3.10/site-packages/cmake/data/bin/cmake -E env VERBOSE=1 /usr/bin/gmake -f Makefile cmTC_24445/fast && /usr/bin/gmake  -f CMakeFiles/cmTC_24445.dir/build.make CMakeFiles/cmTC_24445.dir/build
gmake[1]: Entering directory '/home/jangoo/Downloads/ANPRRRR/TFODCourse/opencv-4.7.0/build/CMakeFiles/CMakeTmp'
Building CXX object CMakeFiles/cmTC_24445.dir/src.cxx.o
/usr/bin/c++   -fsigned-char -W -Wall -Wreturn-type -Wnon-virtual-dtor -Waddress -Wsequence-point -Wformat -Wformat-security -Winit-self -Wpointer-arith -Wuninitialized -Wsuggest-override -Wno-delete-non-virtual-dtor -Wno-comment -Wimplicit-fallthrough=3 -Wno-strict-overflow -fdiagnostics-show-option -Wno-long-long -pthread -fomit-frame-pointer -ffunction-sections -fdata-sections  -msse -msse2 -msse3 -fvisibility=hidden -fvisibility-inlines-hidden -Wno-deprecated -Wno-missing-declarations -Wno-shadow -Wno-unused-parameter -Wno-unused-local-typedefs -Wno-sign-compare -Wno-sign-promo -Wno-undef -Wno-ignored-qualifiers -Wno-extra -Wno-unused-function -Wno-unused-const-variable  -O3 -DNDEBUG  -DNDEBUG -std=c++11 -fPIE    -Wno-shorten-64-to-32 -o CMakeFiles/cmTC_24445.dir/src.cxx.o -c /home/jangoo/Downloads/ANPRRRR/TFODCourse/opencv-4.7.0/build/CMakeFiles/CMakeTmp/src.cxx
/home/jangoo/Downloads/ANPRRRR/TFODCourse/opencv-4.7.0/build/CMakeFiles/CMakeTmp/src.cxx:1: warning: ignoring ‘#pragma  ’ [-Wunknown-pragmas]
    1 | #pragma
      | 
cc1plus: note: unrecognized command-line option ‘-Wno-shorten-64-to-32’ may have been intended to silence earlier diagnostics
Linking CXX executable cmTC_24445
/home/jangoo/Downloads/ANPRRRR/TFODCourse/anprsys/lib/python3.10/site-packages/cmake/data/bin/cmake -E cmake_link_script CMakeFiles/cmTC_24445.dir/link.txt --verbose=1
/usr/bin/c++    -fsigned-char -W -Wall -Wreturn-type -Wnon-virtual-dtor -Waddress -Wsequence-point -Wformat -Wformat-security -Winit-self -Wpointer-arith -Wuninitialized -Wsuggest-override -Wno-delete-non-virtual-dtor -Wno-comment -Wimplicit-fallthrough=3 -Wno-strict-overflow -fdiagnostics-show-option -Wno-long-long -pthread -fomit-frame-pointer -ffunction-sections -fdata-sections  -msse -msse2 -msse3 -fvisibility=hidden -fvisibility-inlines-hidden -Wno-deprecated -Wno-missing-declarations -Wno-shadow -Wno-unused-parameter -Wno-unused-local-typedefs -Wno-sign-compare -Wno-sign-promo -Wno-undef -Wno-ignored-qualifiers -Wno-extra -Wno-unused-function -Wno-unused-const-variable  -O3 -DNDEBUG  -DNDEBUG   -Wl,--gc-sections -Wl,--as-needed -Wl,--no-undefined  CMakeFiles/cmTC_24445.dir/src.cxx.o -o cmTC_24445 
gmake[1]: Leaving directory '/home/jangoo/Downloads/ANPRRRR/TFODCourse/opencv-4.7.0/build/CMakeFiles/CMakeTmp'


===== END =====

Build output check failed:
    Regex: 'unrecognized .*option'
    Output line: 'cc1plus: note: unrecognized command-line option ‘-Wno-enum-compare-switch’ may have been intended to silence earlier diagnostics'
Compilation failed:
    source file: '/home/jangoo/Downloads/ANPRRRR/TFODCourse/opencv-4.7.0/build/CMakeFiles/CMakeTmp/src.cxx'
    check option: ' -Wno-enum-compare-switch'
===== BUILD LOG =====
Change Dir: /home/jangoo/Downloads/ANPRRRR/TFODCourse/opencv-4.7.0/build/CMakeFiles/CMakeTmp

Run Build Command(s):/home/jangoo/Downloads/ANPRRRR/TFODCourse/anprsys/lib/python3.10/site-packages/cmake/data/bin/cmake -E env VERBOSE=1 /usr/bin/gmake -f Makefile cmTC_adf18/fast && /usr/bin/gmake  -f CMakeFiles/cmTC_adf18.dir/build.make CMakeFiles/cmTC_adf18.dir/build
gmake[1]: Entering directory '/home/jangoo/Downloads/ANPRRRR/TFODCourse/opencv-4.7.0/build/CMakeFiles/CMakeTmp'
Building CXX object CMakeFiles/cmTC_adf18.dir/src.cxx.o
/usr/bin/c++   -fsigned-char -W -Wall -Wreturn-type -Wnon-virtual-dtor -Waddress -Wsequence-point -Wformat -Wformat-security -Winit-self -Wpointer-arith -Wuninitialized -Wsuggest-override -Wno-delete-non-virtual-dtor -Wno-comment -Wimplicit-fallthrough=3 -Wno-strict-overflow -fdiagnostics-show-option -Wno-long-long -pthread -fomit-frame-pointer -ffunction-sections -fdata-sections  -msse -msse2 -msse3 -fvisibility=hidden -fvisibility-inlines-hidden -Wno-deprecated -Wno-missing-declarations -Wno-shadow -Wno-unused-parameter -Wno-unused-local-typedefs -Wno-sign-compare -Wno-sign-promo -Wno-undef -Wno-ignored-qualifiers -Wno-extra -Wno-unused-function -Wno-unused-const-variable -Wno-invalid-offsetof  -O3 -DNDEBUG  -DNDEBUG -std=c++11 -fPIE    -Wno-enum-compare-switch -o CMakeFiles/cmTC_adf18.dir/src.cxx.o -c /home/jangoo/Downloads/ANPRRRR/TFODCourse/opencv-4.7.0/build/CMakeFiles/CMakeTmp/src.cxx
/home/jangoo/Downloads/ANPRRRR/TFODCourse/opencv-4.7.0/build/CMakeFiles/CMakeTmp/src.cxx:1: warning: ignoring ‘#pragma  ’ [-Wunknown-pragmas]
    1 | #pragma
      | 
cc1plus: note: unrecognized command-line option ‘-Wno-enum-compare-switch’ may have been intended to silence earlier diagnostics
Linking CXX executable cmTC_adf18
/home/jangoo/Downloads/ANPRRRR/TFODCourse/anprsys/lib/python3.10/site-packages/cmake/data/bin/cmake -E cmake_link_script CMakeFiles/cmTC_adf18.dir/link.txt --verbose=1
/usr/bin/c++    -fsigned-char -W -Wall -Wreturn-type -Wnon-virtual-dtor -Waddress -Wsequence-point -Wformat -Wformat-security -Winit-self -Wpointer-arith -Wuninitialized -Wsuggest-override -Wno-delete-non-virtual-dtor -Wno-comment -Wimplicit-fallthrough=3 -Wno-strict-overflow -fdiagnostics-show-option -Wno-long-long -pthread -fomit-frame-pointer -ffunction-sections -fdata-sections  -msse -msse2 -msse3 -fvisibility=hidden -fvisibility-inlines-hidden -Wno-deprecated -Wno-missing-declarations -Wno-shadow -Wno-unused-parameter -Wno-unused-local-typedefs -Wno-sign-compare -Wno-sign-promo -Wno-undef -Wno-ignored-qualifiers -Wno-extra -Wno-unused-function -Wno-unused-const-variable -Wno-invalid-offsetof  -O3 -DNDEBUG  -DNDEBUG   -Wl,--gc-sections -Wl,--as-needed -Wl,--no-undefined  CMakeFiles/cmTC_adf18.dir/src.cxx.o -o cmTC_adf18 
gmake[1]: Leaving directory '/home/jangoo/Downloads/ANPRRRR/TFODCourse/opencv-4.7.0/build/CMakeFiles/CMakeTmp'


===== END =====

Build output check failed:
    Regex: 'unrecognized .*option'
    Output line: 'cc1plus: note: unrecognized command-line option ‘-Wno-unused-private-field’ may have been intended to silence earlier diagnostics'
Compilation failed:
    source file: '/home/jangoo/Downloads/ANPRRRR/TFODCourse/opencv-4.7.0/build/CMakeFiles/CMakeTmp/src.cxx'
    check option: ' -Wno-unused-private-field'
===== BUILD LOG =====
Change Dir: /home/jangoo/Downloads/ANPRRRR/TFODCourse/opencv-4.7.0/build/CMakeFiles/CMakeTmp

Run Build Command(s):/home/jangoo/Downloads/ANPRRRR/TFODCourse/anprsys/lib/python3.10/site-packages/cmake/data/bin/cmake -E env VERBOSE=1 /usr/bin/gmake -f Makefile cmTC_e3e8b/fast && /usr/bin/gmake  -f CMakeFiles/cmTC_e3e8b.dir/build.make CMakeFiles/cmTC_e3e8b.dir/build
gmake[1]: Entering directory '/home/jangoo/Downloads/ANPRRRR/TFODCourse/opencv-4.7.0/build/CMakeFiles/CMakeTmp'
Building CXX object CMakeFiles/cmTC_e3e8b.dir/src.cxx.o
/usr/bin/c++   -fsigned-char -W -Wall -Wreturn-type -Wnon-virtual-dtor -Waddress -Wsequence-point -Wformat -Wformat-security -Wmissing-declarations -Wundef -Winit-self -Wpointer-arith -Wshadow -Wsign-promo -Wuninitialized -Wsuggest-override -Wno-delete-non-virtual-dtor -Wno-comment -Wimplicit-fallthrough=3 -Wno-strict-overflow -fdiagnostics-show-option -Wno-long-long -pthread -fomit-frame-pointer -ffunction-sections -fdata-sections  -msse -msse2 -msse3 -fvisibility=hidden -fvisibility-inlines-hidden -Wno-unused-function -Wno-deprecated-declarations -Wno-overloaded-virtual  -O3 -DNDEBUG  -DNDEBUG -std=c++11 -fPIE    -Wno-unused-private-field -o CMakeFiles/cmTC_e3e8b.dir/src.cxx.o -c /home/jangoo/Downloads/ANPRRRR/TFODCourse/opencv-4.7.0/build/CMakeFiles/CMakeTmp/src.cxx
/home/jangoo/Downloads/ANPRRRR/TFODCourse/opencv-4.7.0/build/CMakeFiles/CMakeTmp/src.cxx:1: warning: ignoring ‘#pragma  ’ [-Wunknown-pragmas]
    1 | #pragma
      | 
cc1plus: note: unrecognized command-line option ‘-Wno-unused-private-field’ may have been intended to silence earlier diagnostics
Linking CXX executable cmTC_e3e8b
/home/jangoo/Downloads/ANPRRRR/TFODCourse/anprsys/lib/python3.10/site-packages/cmake/data/bin/cmake -E cmake_link_script CMakeFiles/cmTC_e3e8b.dir/link.txt --verbose=1
/usr/bin/c++    -fsigned-char -W -Wall -Wreturn-type -Wnon-virtual-dtor -Waddress -Wsequence-point -Wformat -Wformat-security -Wmissing-declarations -Wundef -Winit-self -Wpointer-arith -Wshadow -Wsign-promo -Wuninitialized -Wsuggest-override -Wno-delete-non-virtual-dtor -Wno-comment -Wimplicit-fallthrough=3 -Wno-strict-overflow -fdiagnostics-show-option -Wno-long-long -pthread -fomit-frame-pointer -ffunction-sections -fdata-sections  -msse -msse2 -msse3 -fvisibility=hidden -fvisibility-inlines-hidden -Wno-unused-function -Wno-deprecated-declarations -Wno-overloaded-virtual  -O3 -DNDEBUG  -DNDEBUG   -Wl,--gc-sections -Wl,--as-needed -Wl,--no-undefined  CMakeFiles/cmTC_e3e8b.dir/src.cxx.o -o cmTC_e3e8b 
gmake[1]: Leaving directory '/home/jangoo/Downloads/ANPRRRR/TFODCourse/opencv-4.7.0/build/CMakeFiles/CMakeTmp'


===== END =====

